<?xml version="1.0" encoding="UTF-8"?>
<!-- Generated by org.testng.reporters.JUnitXMLReporter -->
<testsuite ignored="0" hostname="Sneha" failures="0" tests="3" name="Surefire test" time="0.056" errors="0" timestamp="2026-04-30T15:12:04 IST">
  <testcase classname="practice.CreateContectTest" name="CreateContect" time="0.005"/>
  <testcase classname="practice2.CreatePageTest" name="CreatePage" time="0.001"/>
  <testcase classname="practice2.CreatePageTest" name="CreatePageWithDate" time="0.001"/>
</testsuite> <!-- Surefire test -->
