<?xml version="1.0" encoding="UTF-8"?>
<testng-results ignored="0" total="1" passed="1" failed="0" skipped="0">
  <reporter-output>
  </reporter-output>
  <suite started-at="2026-04-30T14:07:54 IST" name="Surefire suite" finished-at="2026-04-30T14:07:54 IST" duration-ms="51">
    <groups>
    </groups>
    <test started-at="2026-04-30T14:07:54 IST" name="Surefire test" finished-at="2026-04-30T14:07:54 IST" duration-ms="51">
      <class name="practice.CreateContectTest">
        <test-method signature="CreateContect()[pri:0, instance:practice.CreateContectTest@45018215]" started-at="2026-04-30T14:07:54 IST" name="CreateContect" finished-at="2026-04-30T14:07:54 IST" duration-ms="4" status="PASS">
          <reporter-output>
          </reporter-output>
        </test-method> <!-- CreateContect -->
      </class> <!-- practice.CreateContectTest -->
    </test> <!-- Surefire test -->
  </suite> <!-- Surefire suite -->
</testng-results>
